<?xml version="1.0" encoding="UTF-8"?>
<!-- Generated by org.testng.reporters.JUnitReportReporter -->
<testsuite hostname="DESKTOP-P9JK9IP" failures="0" tests="1" name="com.SauceDemo1.TestPackage.TC01VerifyLogin" time="1.384" errors="0" timestamp="2022-08-08T00:43:01 IST" skipped="0">
  <testcase classname="com.SauceDemo1.TestPackage.TC01VerifyLogin" name="verifyLogin" time="1.384"/>
  <system-out/>
</testsuite> <!-- com.SauceDemo1.TestPackage.TC01VerifyLogin -->
