<?xml version="1.0" encoding="UTF-8"?>
<!-- Generated by org.testng.reporters.JUnitReportReporter -->
<testsuite hostname="DESKTOP-P9JK9IP" failures="0" tests="1" name="com.SauceDemo1.TestPackage.TC08VerifyFilterList" time="1.250" errors="0" timestamp="2022-08-08T00:43:01 IST" skipped="0">
  <testcase classname="com.SauceDemo1.TestPackage.TC08VerifyFilterList" name="verifyFilter" time="1.250"/>
  <system-out/>
</testsuite> <!-- com.SauceDemo1.TestPackage.TC08VerifyFilterList -->
